<?xml version="1.0" encoding="UTF-8"?>
<!-- Generated by org.testng.reporters.JUnitXMLReporter -->
<testsuite hostname="Surya" ignored="0" name="Surefire test" tests="4" failures="1" timestamp="20 Jan 2022 06:55:14 GMT" time="33.077" errors="0">
  <testcase name="runScenario" time="29.799" classname="io.cucumber.testng.AbstractTestNGCucumberTests"/>
  <testcase name="runScenario" time="29.946" classname="io.cucumber.testng.AbstractTestNGCucumberTests"/>
  <testcase name="runScenario" time="30.35" classname="io.cucumber.testng.AbstractTestNGCucumberTests">
    <failure type="com.google.common.base.VerifyException" message="Payment submission failed. Known bug!">
      <![CDATA[com.google.common.base.VerifyException: Payment submission failed. Known bug!
at com.google.common.base.Verify.verify(Verify.java:123)
at pageObjects.CartPage.validatePaymentWindowClosed(CartPage.java:174)
at parallel.CartPageSteps.the_payment_window_should_be_closed_automatically_after_few_seconds(CartPageSteps.java:80)
at ✽.the payment window should be closed automatically after few seconds(file:///D:/Courses/Demo/src/test/resources/parallel/BuyProducts.feature:18)
]]>
    </failure>
  </testcase> <!-- runScenario -->
  <testcase name="runScenario" time="30.982" classname="io.cucumber.testng.AbstractTestNGCucumberTests"/>
</testsuite> <!-- Surefire test -->
