<?xml version="1.0" encoding="UTF-8"?>
<testng-results skipped="0" failed="0" ignored="0" total="4" passed="4">
  <reporter-output>
  </reporter-output>
  <suite name="Surefire suite" duration-ms="34514" started-at="2022-01-15T12:24:14Z" finished-at="2022-01-15T12:24:49Z">
    <groups>
      <group name="cucumber">
        <method signature="AbstractTestNGCucumberTests.runScenario(io.cucumber.testng.PickleWrapper, io.cucumber.testng.FeatureWrapper)[pri:0, instance:parallel.TestParallelRunner@1e397ed7]" name="runScenario" class="io.cucumber.testng.AbstractTestNGCucumberTests"/>
      </group> <!-- cucumber -->
    </groups>
    <test name="Surefire test" duration-ms="34514" started-at="2022-01-15T12:24:14Z" finished-at="2022-01-15T12:24:49Z">
      <class name="parallel.TestParallelRunner">
        <test-method status="PASS" signature="setUpClass()[pri:0, instance:parallel.TestParallelRunner@1e397ed7]" name="setUpClass" is-config="true" duration-ms="685" started-at="2022-01-15T12:24:14Z" finished-at="2022-01-15T12:24:15Z">
          <reporter-output>
          </reporter-output>
        </test-method> <!-- setUpClass -->
        <test-method status="PASS" signature="runScenario(io.cucumber.testng.PickleWrapper, io.cucumber.testng.FeatureWrapper)[pri:0, instance:parallel.TestParallelRunner@1e397ed7]" name="runScenario" duration-ms="33239" started-at="2022-01-15T12:24:15Z" description="Runs Cucumber Scenarios" data-provider="scenarios" finished-at="2022-01-15T12:24:48Z">
          <params>
            <param index="0">
              <value>
                <![CDATA["Validation of buying multiple least expensive products successfully"]]>
              </value>
            </param>
            <param index="1">
              <value>
                <![CDATA["Optional[BuyProducts]"]]>
              </value>
            </param>
          </params>
          <reporter-output>
          </reporter-output>
        </test-method> <!-- runScenario -->
        <test-method status="PASS" signature="runScenario(io.cucumber.testng.PickleWrapper, io.cucumber.testng.FeatureWrapper)[pri:0, instance:parallel.TestParallelRunner@1e397ed7]" name="runScenario" duration-ms="33153" started-at="2022-01-15T12:24:15Z" description="Runs Cucumber Scenarios" data-provider="scenarios" finished-at="2022-01-15T12:24:48Z">
          <params>
            <param index="0">
              <value>
                <![CDATA["Duplication of validation of buying multiple least expensive products successfully"]]>
              </value>
            </param>
            <param index="1">
              <value>
                <![CDATA["Optional[BuyProductsDuplication]"]]>
              </value>
            </param>
          </params>
          <reporter-output>
          </reporter-output>
        </test-method> <!-- runScenario -->
        <test-method status="PASS" signature="runScenario(io.cucumber.testng.PickleWrapper, io.cucumber.testng.FeatureWrapper)[pri:0, instance:parallel.TestParallelRunner@1e397ed7]" name="runScenario" duration-ms="33381" started-at="2022-01-15T12:24:15Z" description="Runs Cucumber Scenarios" data-provider="scenarios" finished-at="2022-01-15T12:24:49Z">
          <params>
            <param index="0">
              <value>
                <![CDATA["Duplication of validation of buying multiple least expensive products successfully"]]>
              </value>
            </param>
            <param index="1">
              <value>
                <![CDATA["Optional[BuyProductsDuplication]"]]>
              </value>
            </param>
          </params>
          <reporter-output>
          </reporter-output>
        </test-method> <!-- runScenario -->
        <test-method status="PASS" signature="runScenario(io.cucumber.testng.PickleWrapper, io.cucumber.testng.FeatureWrapper)[pri:0, instance:parallel.TestParallelRunner@1e397ed7]" name="runScenario" duration-ms="33444" started-at="2022-01-15T12:24:15Z" description="Runs Cucumber Scenarios" data-provider="scenarios" finished-at="2022-01-15T12:24:49Z">
          <params>
            <param index="0">
              <value>
                <![CDATA["Validation of buying multiple least expensive products successfully"]]>
              </value>
            </param>
            <param index="1">
              <value>
                <![CDATA["Optional[BuyProducts]"]]>
              </value>
            </param>
          </params>
          <reporter-output>
          </reporter-output>
        </test-method> <!-- runScenario -->
        <test-method status="PASS" signature="tearDownClass()[pri:0, instance:parallel.TestParallelRunner@1e397ed7]" name="tearDownClass" is-config="true" duration-ms="357" started-at="2022-01-15T12:24:49Z" finished-at="2022-01-15T12:24:49Z">
          <reporter-output>
          </reporter-output>
        </test-method> <!-- tearDownClass -->
      </class> <!-- parallel.TestParallelRunner -->
    </test> <!-- Surefire test -->
  </suite> <!-- Surefire suite -->
</testng-results>
