-------------------------------------------------------------------------------
Test set: TestSuite
-------------------------------------------------------------------------------
Tests run: 4, Failures: 1, Errors: 0, Skipped: 0, Time elapsed: 35.119 s <<< FAILURE! - in TestSuite
runScenario(parallel.TestParallelRunner)  Time elapsed: 30.361 s  <<< FAILURE!
com.google.common.base.VerifyException: Payment submission failed. Known bug!

